<?xml version="1.0" encoding="UTF-8"?>
<!-- Generated by org.testng.reporters.JUnitReportReporter -->
<testsuite hostname="Lukass-MacBook-Pro.local" failures="0" tests="13" name="CommandTests" time="37.567" errors="0" timestamp="2021-11-24T21:02:49 CET" skipped="0">
  <testcase classname="CommandTests" name="t0201_getData" time="2.154"/>
  <system-out/>
  <testcase classname="CommandTests" name="t0301_TryPinReset" time="3.871"/>
  <system-out/>
  <testcase classname="CommandTests" name="t0304_analogIn" time="2.709"/>
  <system-out/>
  <testcase classname="CommandTests" name="t0101_Echo" time="2.204"/>
  <system-out/>
  <testcase classname="CommandTests" name="t0200_StoreData" time="2.201"/>
  <system-out/>
  <testcase classname="CommandTests" name="t0303_analogOut_3" time="2.787"/>
  <system-out/>
  <testcase classname="CommandTests" name="t0390_pinHigh" time="3.401"/>
  <system-out/>
  <testcase classname="CommandTests" name="t0304_analogIn_Non_Analog_Pin" time="2.710"/>
  <system-out/>
  <testcase classname="CommandTests" name="t0101_Echo_2" time="2.180"/>
  <system-out/>
  <testcase classname="CommandTests" name="t0100_HelloWorld" time="2.113"/>
  <system-out/>
  <testcase classname="CommandTests" name="t0300_pinHigh" time="3.282"/>
  <system-out/>
  <testcase classname="CommandTests" name="t0303_analogOut" time="3.393"/>
  <system-out/>
  <testcase classname="CommandTests" name="t0303_analogOut_2" time="4.562"/>
  <system-out/>
</testsuite> <!-- CommandTests -->
