<?xml version="1.0" encoding="UTF-8"?>
<!-- Generated by org.testng.reporters.JUnitReportReporter -->
<testsuite hostname="Lukass-MacBook-Pro.local" failures="0" tests="7" name="CommandTests" time="18.032" errors="0" timestamp="2021-11-02T15:39:31 CET" skipped="0">
  <testcase classname="CommandTests" name="t0101_Echo" time="2.189"/>
  <system-out/>
  <testcase classname="CommandTests" name="t0100_HelloWorld" time="2.134"/>
  <system-out/>
  <testcase classname="CommandTests" name="t0101_Echo_2" time="2.187"/>
  <system-out/>
  <testcase classname="CommandTests" name="t0201_getData" time="2.148"/>
  <system-out/>
  <testcase classname="CommandTests" name="t0301_TryPinReset" time="3.864"/>
  <system-out/>
  <testcase classname="CommandTests" name="t0200_StoreData" time="2.215"/>
  <system-out/>
  <testcase classname="CommandTests" name="t0300_pinHigh" time="3.295"/>
  <system-out/>
</testsuite> <!-- CommandTests -->
