<?xml version="1.0" encoding="UTF-8"?>
<!-- Generated by org.testng.reporters.JUnitReportReporter -->
<testsuite hostname="Lukass-MacBook-Pro.local" failures="0" tests="14" name="CommandTests" time="40.330" errors="0" timestamp="2021-11-30T22:54:24 CET" skipped="0">
  <testcase classname="CommandTests" name="t0303_analogOut_2" time="4.100"/>
  <system-out/>
  <testcase classname="CommandTests" name="t0303_analogOut" time="3.401"/>
  <system-out/>
  <testcase classname="CommandTests" name="t0304_analogIn" time="2.701"/>
  <system-out/>
  <testcase classname="CommandTests" name="t0201_getData" time="2.145"/>
  <system-out/>
  <testcase classname="CommandTests" name="t0101_Echo" time="2.193"/>
  <system-out/>
  <testcase classname="CommandTests" name="t0390_pinHigh" time="3.900"/>
  <system-out/>
  <testcase classname="CommandTests" name="t0300_pinHigh" time="3.283"/>
  <system-out/>
  <testcase classname="CommandTests" name="t0304_analogIn_Non_Analog_Pin" time="2.731"/>
  <system-out/>
  <testcase classname="CommandTests" name="t0100_HelloWorld" time="2.131"/>
  <system-out/>
  <testcase classname="CommandTests" name="t0101_Echo_2" time="2.211"/>
  <system-out/>
  <testcase classname="CommandTests" name="t0102_delay_GC" time="3.207"/>
  <system-out/>
  <testcase classname="CommandTests" name="t0200_StoreData" time="2.206"/>
  <system-out/>
  <testcase classname="CommandTests" name="t0303_analogOut_3" time="2.264"/>
  <system-out/>
  <testcase classname="CommandTests" name="t0301_TryPinReset" time="3.857"/>
  <system-out/>
</testsuite> <!-- CommandTests -->
